app/build/intermediates/manifest_merge_blame_file/debug/manifest-merger-blame-debug-report.txt
1<?xml version="1.0" encoding="utf-8"?>
2<manifest xmlns:android="http://schemas.android.com/apk/res/android"
3    package="com.pocketmempool"
4    android:versionCode="1"
5    android:versionName="1.0" >
6
7    <uses-sdk
8        android:minSdkVersion="26"
9        android:targetSdkVersion="34" />
10
11    <!-- Internet access for connecting to Bitcoin nodes -->
12    <uses-permission android:name="android.permission.INTERNET" />
12-->src/main/AndroidManifest.xml:6:5-67
12-->src/main/AndroidManifest.xml:6:22-64
13    <uses-permission android:name="android.permission.ACCESS_NETWORK_STATE" />
13-->src/main/AndroidManifest.xml:7:5-79
13-->src/main/AndroidManifest.xml:7:22-76
14
15    <!-- Notifications for mempool updates -->
16    <uses-permission android:name="android.permission.POST_NOTIFICATIONS" />
16-->src/main/AndroidManifest.xml:10:5-77
16-->src/main/AndroidManifest.xml:10:22-74
17
18    <!-- Vibration for haptic feedback -->
19    <uses-permission android:name="android.permission.VIBRATE" />
19-->src/main/AndroidManifest.xml:13:5-66
19-->src/main/AndroidManifest.xml:13:22-63
20    <uses-permission android:name="android.permission.WAKE_LOCK" />
20-->[androidx.work:work-runtime:2.9.0] AndroidManifest.xml:23:5-68
20-->[androidx.work:work-runtime:2.9.0] AndroidManifest.xml:23:22-65
21    <uses-permission android:name="android.permission.RECEIVE_BOOT_COMPLETED" />
21-->[androidx.work:work-runtime:2.9.0] AndroidManifest.xml:25:5-81
21-->[androidx.work:work-runtime:2.9.0] AndroidManifest.xml:25:22-78
22    <uses-permission android:name="android.permission.FOREGROUND_SERVICE" />
22-->[androidx.work:work-runtime:2.9.0] AndroidManifest.xml:26:5-77
22-->[androidx.work:work-runtime:2.9.0] AndroidManifest.xml:26:22-74
23
24    <permission
24-->[androidx.core:core:1.12.0] AndroidManifest.xml:22:5-24:47
25        android:name="com.pocketmempool.DYNAMIC_RECEIVER_NOT_EXPORTED_PERMISSION"
25-->[androidx.core:core:1.12.0] AndroidManifest.xml:23:9-81
26        android:protectionLevel="signature" />
26-->[androidx.core:core:1.12.0] AndroidManifest.xml:24:9-44
27
28    <uses-permission android:name="com.pocketmempool.DYNAMIC_RECEIVER_NOT_EXPORTED_PERMISSION" />
28-->[androidx.core:core:1.12.0] AndroidManifest.xml:26:5-97
28-->[androidx.core:core:1.12.0] AndroidManifest.xml:26:22-94
29
30    <application
30-->src/main/AndroidManifest.xml:15:5-58:19
31        android:name="com.pocketmempool.PocketMempoolApplication"
31-->src/main/AndroidManifest.xml:16:9-49
32        android:allowBackup="true"
32-->src/main/AndroidManifest.xml:17:9-35
33        android:appComponentFactory="androidx.core.app.CoreComponentFactory"
33-->[androidx.core:core:1.12.0] AndroidManifest.xml:28:18-86
34        android:dataExtractionRules="@xml/data_extraction_rules"
34-->src/main/AndroidManifest.xml:18:9-65
35        android:debuggable="true"
36        android:extractNativeLibs="false"
37        android:fullBackupContent="@xml/backup_rules"
37-->src/main/AndroidManifest.xml:19:9-54
38        android:icon="@mipmap/ic_launcher"
38-->src/main/AndroidManifest.xml:20:9-43
39        android:label="@string/app_name"
39-->src/main/AndroidManifest.xml:21:9-41
40        android:networkSecurityConfig="@xml/network_security_config"
40-->src/main/AndroidManifest.xml:24:9-69
41        android:roundIcon="@mipmap/ic_launcher_round"
41-->src/main/AndroidManifest.xml:22:9-54
42        android:supportsRtl="true"
42-->src/main/AndroidManifest.xml:23:9-35
43        android:theme="@style/Theme.PocketMempool" >
43-->src/main/AndroidManifest.xml:25:9-51
44
45        <!-- Main activity -->
46        <activity
46-->src/main/AndroidManifest.xml:29:9-38:20
47            android:name="com.pocketmempool.MainActivity"
47-->src/main/AndroidManifest.xml:30:13-41
48            android:exported="true"
48-->src/main/AndroidManifest.xml:31:13-36
49            android:label="@string/app_name"
49-->src/main/AndroidManifest.xml:32:13-45
50            android:theme="@style/Theme.PocketMempool" >
50-->src/main/AndroidManifest.xml:33:13-55
51            <intent-filter>
51-->src/main/AndroidManifest.xml:34:13-37:29
52                <action android:name="android.intent.action.MAIN" />
52-->src/main/AndroidManifest.xml:35:17-69
52-->src/main/AndroidManifest.xml:35:25-66
53
54                <category android:name="android.intent.category.LAUNCHER" />
54-->src/main/AndroidManifest.xml:36:17-77
54-->src/main/AndroidManifest.xml:36:27-74
55            </intent-filter>
56        </activity>
57
58        <!-- Mempool background service -->
59        <service
59-->src/main/AndroidManifest.xml:41:9-43:40
60            android:name="com.pocketmempool.mempool.MempoolService"
60-->src/main/AndroidManifest.xml:42:13-51
61            android:exported="false" />
61-->src/main/AndroidManifest.xml:43:13-37
62
63        <!-- Mempool widget -->
64        <receiver
64-->src/main/AndroidManifest.xml:46:9-56:20
65            android:name="com.pocketmempool.widget.MempoolWidgetProvider"
65-->src/main/AndroidManifest.xml:47:13-57
66            android:exported="false"
66-->src/main/AndroidManifest.xml:48:13-37
67            android:label="Mempool Stats" >
67-->src/main/AndroidManifest.xml:49:13-42
68            <intent-filter>
68-->src/main/AndroidManifest.xml:50:13-52:29
69                <action android:name="android.appwidget.action.APPWIDGET_UPDATE" />
69-->src/main/AndroidManifest.xml:51:17-84
69-->src/main/AndroidManifest.xml:51:25-81
70            </intent-filter>
71
72            <meta-data
72-->src/main/AndroidManifest.xml:53:13-55:63
73                android:name="android.appwidget.provider"
73-->src/main/AndroidManifest.xml:54:17-58
74                android:resource="@xml/mempool_widget_info" />
74-->src/main/AndroidManifest.xml:55:17-60
75        </receiver>
76
77        <provider
77-->[androidx.work:work-runtime:2.9.0] AndroidManifest.xml:29:9-37:20
78            android:name="androidx.startup.InitializationProvider"
78-->[androidx.work:work-runtime:2.9.0] AndroidManifest.xml:30:13-67
79            android:authorities="com.pocketmempool.androidx-startup"
79-->[androidx.work:work-runtime:2.9.0] AndroidManifest.xml:31:13-68
80            android:exported="false" >
80-->[androidx.work:work-runtime:2.9.0] AndroidManifest.xml:32:13-37
81            <meta-data
81-->[androidx.work:work-runtime:2.9.0] AndroidManifest.xml:34:13-36:52
82                android:name="androidx.work.WorkManagerInitializer"
82-->[androidx.work:work-runtime:2.9.0] AndroidManifest.xml:35:17-68
83                android:value="androidx.startup" />
83-->[androidx.work:work-runtime:2.9.0] AndroidManifest.xml:36:17-49
84            <meta-data
84-->[androidx.emoji2:emoji2:1.3.0] AndroidManifest.xml:29:13-31:52
85                android:name="androidx.emoji2.text.EmojiCompatInitializer"
85-->[androidx.emoji2:emoji2:1.3.0] AndroidManifest.xml:30:17-75
86                android:value="androidx.startup" />
86-->[androidx.emoji2:emoji2:1.3.0] AndroidManifest.xml:31:17-49
87            <meta-data
87-->[androidx.lifecycle:lifecycle-process:2.7.0] AndroidManifest.xml:29:13-31:52
88                android:name="androidx.lifecycle.ProcessLifecycleInitializer"
88-->[androidx.lifecycle:lifecycle-process:2.7.0] AndroidManifest.xml:30:17-78
89                android:value="androidx.startup" />
89-->[androidx.lifecycle:lifecycle-process:2.7.0] AndroidManifest.xml:31:17-49
90            <meta-data
90-->[androidx.profileinstaller:profileinstaller:1.3.0] AndroidManifest.xml:29:13-31:52
91                android:name="androidx.profileinstaller.ProfileInstallerInitializer"
91-->[androidx.profileinstaller:profileinstaller:1.3.0] AndroidManifest.xml:30:17-85
92                android:value="androidx.startup" />
92-->[androidx.profileinstaller:profileinstaller:1.3.0] AndroidManifest.xml:31:17-49
93        </provider>
94
95        <service
95-->[androidx.work:work-runtime:2.9.0] AndroidManifest.xml:39:9-45:35
96            android:name="androidx.work.impl.background.systemalarm.SystemAlarmService"
96-->[androidx.work:work-runtime:2.9.0] AndroidManifest.xml:40:13-88
97            android:directBootAware="false"
97-->[androidx.work:work-runtime:2.9.0] AndroidManifest.xml:41:13-44
98            android:enabled="@bool/enable_system_alarm_service_default"
98-->[androidx.work:work-runtime:2.9.0] AndroidManifest.xml:42:13-72
99            android:exported="false" />
99-->[androidx.work:work-runtime:2.9.0] AndroidManifest.xml:43:13-37
100        <service
100-->[androidx.work:work-runtime:2.9.0] AndroidManifest.xml:46:9-52:35
101            android:name="androidx.work.impl.background.systemjob.SystemJobService"
101-->[androidx.work:work-runtime:2.9.0] AndroidManifest.xml:47:13-84
102            android:directBootAware="false"
102-->[androidx.work:work-runtime:2.9.0] AndroidManifest.xml:48:13-44
103            android:enabled="@bool/enable_system_job_service_default"
103-->[androidx.work:work-runtime:2.9.0] AndroidManifest.xml:49:13-70
104            android:exported="true"
104-->[androidx.work:work-runtime:2.9.0] AndroidManifest.xml:50:13-36
105            android:permission="android.permission.BIND_JOB_SERVICE" />
105-->[androidx.work:work-runtime:2.9.0] AndroidManifest.xml:51:13-69
106        <service
106-->[androidx.work:work-runtime:2.9.0] AndroidManifest.xml:53:9-59:35
107            android:name="androidx.work.impl.foreground.SystemForegroundService"
107-->[androidx.work:work-runtime:2.9.0] AndroidManifest.xml:54:13-81
108            android:directBootAware="false"
108-->[androidx.work:work-runtime:2.9.0] AndroidManifest.xml:55:13-44
109            android:enabled="@bool/enable_system_foreground_service_default"
109-->[androidx.work:work-runtime:2.9.0] AndroidManifest.xml:56:13-77
110            android:exported="false" />
110-->[androidx.work:work-runtime:2.9.0] AndroidManifest.xml:57:13-37
111
112        <receiver
112-->[androidx.work:work-runtime:2.9.0] AndroidManifest.xml:61:9-66:35
113            android:name="androidx.work.impl.utils.ForceStopRunnable$BroadcastReceiver"
113-->[androidx.work:work-runtime:2.9.0] AndroidManifest.xml:62:13-88
114            android:directBootAware="false"
114-->[androidx.work:work-runtime:2.9.0] AndroidManifest.xml:63:13-44
115            android:enabled="true"
115-->[androidx.work:work-runtime:2.9.0] AndroidManifest.xml:64:13-35
116            android:exported="false" />
116-->[androidx.work:work-runtime:2.9.0] AndroidManifest.xml:65:13-37
117        <receiver
117-->[androidx.work:work-runtime:2.9.0] AndroidManifest.xml:67:9-77:20
118            android:name="androidx.work.impl.background.systemalarm.ConstraintProxy$BatteryChargingProxy"
118-->[androidx.work:work-runtime:2.9.0] AndroidManifest.xml:68:13-106
119            android:directBootAware="false"
119-->[androidx.work:work-runtime:2.9.0] AndroidManifest.xml:69:13-44
120            android:enabled="false"
120-->[androidx.work:work-runtime:2.9.0] AndroidManifest.xml:70:13-36
121            android:exported="false" >
121-->[androidx.work:work-runtime:2.9.0] AndroidManifest.xml:71:13-37
122            <intent-filter>
122-->[androidx.work:work-runtime:2.9.0] AndroidManifest.xml:73:13-76:29
123                <action android:name="android.intent.action.ACTION_POWER_CONNECTED" />
123-->[androidx.work:work-runtime:2.9.0] AndroidManifest.xml:74:17-87
123-->[androidx.work:work-runtime:2.9.0] AndroidManifest.xml:74:25-84
124                <action android:name="android.intent.action.ACTION_POWER_DISCONNECTED" />
124-->[androidx.work:work-runtime:2.9.0] AndroidManifest.xml:75:17-90
124-->[androidx.work:work-runtime:2.9.0] AndroidManifest.xml:75:25-87
125            </intent-filter>
126        </receiver>
127        <receiver
127-->[androidx.work:work-runtime:2.9.0] AndroidManifest.xml:78:9-88:20
128            android:name="androidx.work.impl.background.systemalarm.ConstraintProxy$BatteryNotLowProxy"
128-->[androidx.work:work-runtime:2.9.0] AndroidManifest.xml:79:13-104
129            android:directBootAware="false"
129-->[androidx.work:work-runtime:2.9.0] AndroidManifest.xml:80:13-44
130            android:enabled="false"
130-->[androidx.work:work-runtime:2.9.0] AndroidManifest.xml:81:13-36
131            android:exported="false" >
131-->[androidx.work:work-runtime:2.9.0] AndroidManifest.xml:82:13-37
132            <intent-filter>
132-->[androidx.work:work-runtime:2.9.0] AndroidManifest.xml:84:13-87:29
133                <action android:name="android.intent.action.BATTERY_OKAY" />
133-->[androidx.work:work-runtime:2.9.0] AndroidManifest.xml:85:17-77
133-->[androidx.work:work-runtime:2.9.0] AndroidManifest.xml:85:25-74
134                <action android:name="android.intent.action.BATTERY_LOW" />
134-->[androidx.work:work-runtime:2.9.0] AndroidManifest.xml:86:17-76
134-->[androidx.work:work-runtime:2.9.0] AndroidManifest.xml:86:25-73
135            </intent-filter>
136        </receiver>
137        <receiver
137-->[androidx.work:work-runtime:2.9.0] AndroidManifest.xml:89:9-99:20
138            android:name="androidx.work.impl.background.systemalarm.ConstraintProxy$StorageNotLowProxy"
138-->[androidx.work:work-runtime:2.9.0] AndroidManifest.xml:90:13-104
139            android:directBootAware="false"
139-->[androidx.work:work-runtime:2.9.0] AndroidManifest.xml:91:13-44
140            android:enabled="false"
140-->[androidx.work:work-runtime:2.9.0] AndroidManifest.xml:92:13-36
141            android:exported="false" >
141-->[androidx.work:work-runtime:2.9.0] AndroidManifest.xml:93:13-37
142            <intent-filter>
142-->[androidx.work:work-runtime:2.9.0] AndroidManifest.xml:95:13-98:29
143                <action android:name="android.intent.action.DEVICE_STORAGE_LOW" />
143-->[androidx.work:work-runtime:2.9.0] AndroidManifest.xml:96:17-83
143-->[androidx.work:work-runtime:2.9.0] AndroidManifest.xml:96:25-80
144                <action android:name="android.intent.action.DEVICE_STORAGE_OK" />
144-->[androidx.work:work-runtime:2.9.0] AndroidManifest.xml:97:17-82
144-->[androidx.work:work-runtime:2.9.0] AndroidManifest.xml:97:25-79
145            </intent-filter>
146        </receiver>
147        <receiver
147-->[androidx.work:work-runtime:2.9.0] AndroidManifest.xml:100:9-109:20
148            android:name="androidx.work.impl.background.systemalarm.ConstraintProxy$NetworkStateProxy"
148-->[androidx.work:work-runtime:2.9.0] AndroidManifest.xml:101:13-103
149            android:directBootAware="false"
149-->[androidx.work:work-runtime:2.9.0] AndroidManifest.xml:102:13-44
150            android:enabled="false"
150-->[androidx.work:work-runtime:2.9.0] AndroidManifest.xml:103:13-36
151            android:exported="false" >
151-->[androidx.work:work-runtime:2.9.0] AndroidManifest.xml:104:13-37
152            <intent-filter>
152-->[androidx.work:work-runtime:2.9.0] AndroidManifest.xml:106:13-108:29
153                <action android:name="android.net.conn.CONNECTIVITY_CHANGE" />
153-->[androidx.work:work-runtime:2.9.0] AndroidManifest.xml:107:17-79
153-->[androidx.work:work-runtime:2.9.0] AndroidManifest.xml:107:25-76
154            </intent-filter>
155        </receiver>
156        <receiver
156-->[androidx.work:work-runtime:2.9.0] AndroidManifest.xml:110:9-121:20
157            android:name="androidx.work.impl.background.systemalarm.RescheduleReceiver"
157-->[androidx.work:work-runtime:2.9.0] AndroidManifest.xml:111:13-88
158            android:directBootAware="false"
158-->[androidx.work:work-runtime:2.9.0] AndroidManifest.xml:112:13-44
159            android:enabled="false"
159-->[androidx.work:work-runtime:2.9.0] AndroidManifest.xml:113:13-36
160            android:exported="false" >
160-->[androidx.work:work-runtime:2.9.0] AndroidManifest.xml:114:13-37
161            <intent-filter>
161-->[androidx.work:work-runtime:2.9.0] AndroidManifest.xml:116:13-120:29
162                <action android:name="android.intent.action.BOOT_COMPLETED" />
162-->[androidx.work:work-runtime:2.9.0] AndroidManifest.xml:117:17-79
162-->[androidx.work:work-runtime:2.9.0] AndroidManifest.xml:117:25-76
163                <action android:name="android.intent.action.TIME_SET" />
163-->[androidx.work:work-runtime:2.9.0] AndroidManifest.xml:118:17-73
163-->[androidx.work:work-runtime:2.9.0] AndroidManifest.xml:118:25-70
164                <action android:name="android.intent.action.TIMEZONE_CHANGED" />
164-->[androidx.work:work-runtime:2.9.0] AndroidManifest.xml:119:17-81
164-->[androidx.work:work-runtime:2.9.0] AndroidManifest.xml:119:25-78
165            </intent-filter>
166        </receiver>
167        <receiver
167-->[androidx.work:work-runtime:2.9.0] AndroidManifest.xml:122:9-131:20
168            android:name="androidx.work.impl.background.systemalarm.ConstraintProxyUpdateReceiver"
168-->[androidx.work:work-runtime:2.9.0] AndroidManifest.xml:123:13-99
169            android:directBootAware="false"
169-->[androidx.work:work-runtime:2.9.0] AndroidManifest.xml:124:13-44
170            android:enabled="@bool/enable_system_alarm_service_default"
170-->[androidx.work:work-runtime:2.9.0] AndroidManifest.xml:125:13-72
171            android:exported="false" >
171-->[androidx.work:work-runtime:2.9.0] AndroidManifest.xml:126:13-37
172            <intent-filter>
172-->[androidx.work:work-runtime:2.9.0] AndroidManifest.xml:128:13-130:29
173                <action android:name="androidx.work.impl.background.systemalarm.UpdateProxies" />
173-->[androidx.work:work-runtime:2.9.0] AndroidManifest.xml:129:17-98
173-->[androidx.work:work-runtime:2.9.0] AndroidManifest.xml:129:25-95
174            </intent-filter>
175        </receiver>
176        <receiver
176-->[androidx.work:work-runtime:2.9.0] AndroidManifest.xml:132:9-142:20
177            android:name="androidx.work.impl.diagnostics.DiagnosticsReceiver"
177-->[androidx.work:work-runtime:2.9.0] AndroidManifest.xml:133:13-78
178            android:directBootAware="false"
178-->[androidx.work:work-runtime:2.9.0] AndroidManifest.xml:134:13-44
179            android:enabled="true"
179-->[androidx.work:work-runtime:2.9.0] AndroidManifest.xml:135:13-35
180            android:exported="true"
180-->[androidx.work:work-runtime:2.9.0] AndroidManifest.xml:136:13-36
181            android:permission="android.permission.DUMP" >
181-->[androidx.work:work-runtime:2.9.0] AndroidManifest.xml:137:13-57
182            <intent-filter>
182-->[androidx.work:work-runtime:2.9.0] AndroidManifest.xml:139:13-141:29
183                <action android:name="androidx.work.diagnostics.REQUEST_DIAGNOSTICS" />
183-->[androidx.work:work-runtime:2.9.0] AndroidManifest.xml:140:17-88
183-->[androidx.work:work-runtime:2.9.0] AndroidManifest.xml:140:25-85
184            </intent-filter>
185        </receiver>
186
187        <activity
187-->[androidx.compose.ui:ui-test-manifest:1.6.1] AndroidManifest.xml:23:9-25:39
188            android:name="androidx.activity.ComponentActivity"
188-->[androidx.compose.ui:ui-test-manifest:1.6.1] AndroidManifest.xml:24:13-63
189            android:exported="true" />
189-->[androidx.compose.ui:ui-test-manifest:1.6.1] AndroidManifest.xml:25:13-36
190        <activity
190-->[androidx.compose.ui:ui-tooling-android:1.6.1] AndroidManifest.xml:23:9-25:39
191            android:name="androidx.compose.ui.tooling.PreviewActivity"
191-->[androidx.compose.ui:ui-tooling-android:1.6.1] AndroidManifest.xml:24:13-71
192            android:exported="true" />
192-->[androidx.compose.ui:ui-tooling-android:1.6.1] AndroidManifest.xml:25:13-36
193
194        <uses-library
194-->[androidx.window:window:1.0.0] AndroidManifest.xml:25:9-27:40
195            android:name="androidx.window.extensions"
195-->[androidx.window:window:1.0.0] AndroidManifest.xml:26:13-54
196            android:required="false" />
196-->[androidx.window:window:1.0.0] AndroidManifest.xml:27:13-37
197        <uses-library
197-->[androidx.window:window:1.0.0] AndroidManifest.xml:28:9-30:40
198            android:name="androidx.window.sidecar"
198-->[androidx.window:window:1.0.0] AndroidManifest.xml:29:13-51
199            android:required="false" />
199-->[androidx.window:window:1.0.0] AndroidManifest.xml:30:13-37
200
201        <service
201-->[androidx.room:room-runtime:2.5.0] AndroidManifest.xml:24:9-28:63
202            android:name="androidx.room.MultiInstanceInvalidationService"
202-->[androidx.room:room-runtime:2.5.0] AndroidManifest.xml:25:13-74
203            android:directBootAware="true"
203-->[androidx.room:room-runtime:2.5.0] AndroidManifest.xml:26:13-43
204            android:exported="false" />
204-->[androidx.room:room-runtime:2.5.0] AndroidManifest.xml:27:13-37
205
206        <receiver
206-->[androidx.profileinstaller:profileinstaller:1.3.0] AndroidManifest.xml:34:9-52:20
207            android:name="androidx.profileinstaller.ProfileInstallReceiver"
207-->[androidx.profileinstaller:profileinstaller:1.3.0] AndroidManifest.xml:35:13-76
208            android:directBootAware="false"
208-->[androidx.profileinstaller:profileinstaller:1.3.0] AndroidManifest.xml:36:13-44
209            android:enabled="true"
209-->[androidx.profileinstaller:profileinstaller:1.3.0] AndroidManifest.xml:37:13-35
210            android:exported="true"
210-->[androidx.profileinstaller:profileinstaller:1.3.0] AndroidManifest.xml:38:13-36
211            android:permission="android.permission.DUMP" >
211-->[androidx.profileinstaller:profileinstaller:1.3.0] AndroidManifest.xml:39:13-57
212            <intent-filter>
212-->[androidx.profileinstaller:profileinstaller:1.3.0] AndroidManifest.xml:40:13-42:29
213                <action android:name="androidx.profileinstaller.action.INSTALL_PROFILE" />
213-->[androidx.profileinstaller:profileinstaller:1.3.0] AndroidManifest.xml:41:17-91
213-->[androidx.profileinstaller:profileinstaller:1.3.0] AndroidManifest.xml:41:25-88
214            </intent-filter>
215            <intent-filter>
215-->[androidx.profileinstaller:profileinstaller:1.3.0] AndroidManifest.xml:43:13-45:29
216                <action android:name="androidx.profileinstaller.action.SKIP_FILE" />
216-->[androidx.profileinstaller:profileinstaller:1.3.0] AndroidManifest.xml:44:17-85
216-->[androidx.profileinstaller:profileinstaller:1.3.0] AndroidManifest.xml:44:25-82
217            </intent-filter>
218            <intent-filter>
218-->[androidx.profileinstaller:profileinstaller:1.3.0] AndroidManifest.xml:46:13-48:29
219                <action android:name="androidx.profileinstaller.action.SAVE_PROFILE" />
219-->[androidx.profileinstaller:profileinstaller:1.3.0] AndroidManifest.xml:47:17-88
219-->[androidx.profileinstaller:profileinstaller:1.3.0] AndroidManifest.xml:47:25-85
220            </intent-filter>
221            <intent-filter>
221-->[androidx.profileinstaller:profileinstaller:1.3.0] AndroidManifest.xml:49:13-51:29
222                <action android:name="androidx.profileinstaller.action.BENCHMARK_OPERATION" />
222-->[androidx.profileinstaller:profileinstaller:1.3.0] AndroidManifest.xml:50:17-95
222-->[androidx.profileinstaller:profileinstaller:1.3.0] AndroidManifest.xml:50:25-92
223            </intent-filter>
224        </receiver>
225    </application>
226
227</manifest>